This file contains any messages produced by compilers while
running configure, to aid debugging if configure makes a mistake.

It was created by configure, which was
generated by GNU Autoconf 2.69.  Invocation command line was

  $ /Volumes/Develop/.build/arm-mac-eabi/src/gcc/configure --build=aarch64-build_apple-darwin --host=aarch64-build_apple-darwin --target=arm-mac-eabi --prefix=/Volumes/Develop/x-tools/arm-mac-eabi --exec_prefix=/Volumes/Develop/x-tools/arm-mac-eabi/newlib-nano --with-local-prefix=/Volumes/Develop/x-tools/arm-mac-eabi/arm-mac-eabi --with-headers=/Volumes/Develop/x-tools/arm-mac-eabi/arm-mac-eabi/include --with-headers=/Volumes/Develop/x-tools/arm-mac-eabi/newlib-nano/include --with-newlib --enable-threads=no --disable-shared --with-float=soft --with-pkgversion=crosstool-NG 1.24.0.349_6d00833 --enable-__cxa_atexit --disable-libgomp --disable-libmudflap --disable-libmpx --disable-libssp --disable-libquadmath --disable-libquadmath-support --with-gmp=/Volumes/Develop/.build/arm-mac-eabi/buildtools --with-mpfr=/Volumes/Develop/.build/arm-mac-eabi/buildtools --with-mpc=/Volumes/Develop/.build/arm-mac-eabi/buildtools --with-isl=/Volumes/Develop/.build/arm-mac-eabi/buildtools --enable-lto --enable-target-optspace --disable-nls --disable-multilib --enable-languages=c,c++

## --------- ##
## Platform. ##
## --------- ##

hostname = 192.168.1.101
uname -m = arm64
uname -r = 20.4.0
uname -s = Darwin
uname -v = Darwin Kernel Version 20.4.0: Thu Apr 22 21:46:41 PDT 2021; root:xnu-7195.101.2~1/RELEASE_ARM64_T8101

/usr/bin/uname -p = arm
/bin/uname -X     = unknown

/bin/arch              = unknown
/usr/bin/arch -k       = unknown
/usr/convex/getsysinfo = unknown
/usr/bin/hostinfo      = Mach kernel version:
	 Darwin Kernel Version 20.4.0: Thu Apr 22 21:46:41 PDT 2021; root:xnu-7195.101.2~1/RELEASE_ARM64_T8101
Kernel configured for up to 8 processors.
8 processors are physically available.
8 processors are logically available.
Processor type: arm64e (ARM64E)
Processors active: 0 1 2 3 4 5 6 7
Primary memory available: 8.00 gigabytes
Default processor set: 579 tasks, 2349 threads, 8 processors
Load average: 4.09, Mach factor: 4.26
/bin/machine           = unknown
/usr/bin/oslevel       = unknown
/bin/universe          = unknown

PATH: /Volumes/Develop/x-tools/arm-mac-eabi/bin
PATH: /Volumes/Develop/.build/arm-mac-eabi/buildtools/bin
PATH: /Volumes/Develop/.build/tools/bin
PATH: /opt/homebrew/bin
PATH: /opt/homebrew/sbin
PATH: /usr/local/bin
PATH: /usr/bin
PATH: /bin
PATH: /usr/sbin
PATH: /sbin


## ----------- ##
## Core tests. ##
## ----------- ##

configure:2356: checking build system type
configure:2370: result: aarch64-build_apple-darwin
configure:2417: checking host system type
configure:2430: result: aarch64-build_apple-darwin
configure:2450: checking target system type
configure:2463: result: arm-mac-eabi
configure:2517: checking for a BSD-compatible install
configure:2585: result: /Volumes/Develop/.build/tools/bin/install -c
configure:2596: checking whether ln works
configure:2618: result: yes
configure:2622: checking whether ln -s works
configure:2626: result: yes
configure:2633: checking for a sed that does not truncate output
configure:2697: result: /Volumes/Develop/.build/tools/bin/sed
configure:2706: checking for gawk
configure:2722: found /opt/homebrew/bin/gawk
configure:2733: result: gawk
configure:3227: checking for libatomic support
configure:3233: result: no
configure:3265: checking for libitm support
configure:3271: result: no
configure:3284: checking for libsanitizer support
configure:3290: result: no
configure:3303: checking for libvtv support
configure:3309: result: no
configure:3323: checking for libhsail-rt support
configure:3329: result: no
configure:3459: checking for libphobos support
configure:3465: result: no
configure:4130: checking for aarch64-build_apple-darwin-gcc
configure:4146: found /Volumes/Develop/.build/arm-mac-eabi/buildtools/bin/aarch64-build_apple-darwin-gcc
configure:4157: result: aarch64-build_apple-darwin-gcc
configure:4426: checking for C compiler version
configure:4435: aarch64-build_apple-darwin-gcc --version >&5
Apple clang version 12.0.5 (clang-1205.0.22.9)
Target: arm64-apple-darwin20.4.0
Thread model: posix
InstalledDir: /Library/Developer/CommandLineTools/usr/bin
Configured with: --prefix=/Library/Developer/CommandLineTools/usr --with-gxx-include-dir=/Library/Developer/CommandLineTools/SDKs/MacOSX.sdk/usr/include/c++/4.2.1
configure:4446: $? = 0
configure:4435: aarch64-build_apple-darwin-gcc -v >&5
Configured with: --prefix=/Library/Developer/CommandLineTools/usr --with-gxx-include-dir=/Library/Developer/CommandLineTools/SDKs/MacOSX.sdk/usr/include/c++/4.2.1
Apple clang version 12.0.5 (clang-1205.0.22.9)
Target: arm64-apple-darwin20.4.0
Thread model: posix
InstalledDir: /Library/Developer/CommandLineTools/usr/bin
configure:4446: $? = 0
configure:4435: aarch64-build_apple-darwin-gcc -V >&5
clang: error: argument to '-V' is missing (expected 1 value)
clang: error: no input files
configure:4446: $? = 1
configure:4435: aarch64-build_apple-darwin-gcc -qversion >&5
clang: error: unknown argument '-qversion'; did you mean '--version'?
clang: error: no input files
configure:4446: $? = 1
configure:4466: checking whether the C compiler works
configure:4488: aarch64-build_apple-darwin-gcc -O2 -g -pipe -I/Volumes/Develop/.build/arm-mac-eabi/buildtools/include   -Qunused-arguments -fno-common -fbracket-depth=512  -L/Volumes/Develop/.build/arm-mac-eabi/buildtools/lib   -framework CoreFoundation -lstdc++ -lm conftest.c  >&5
configure:4492: $? = 0
configure:4540: result: yes
configure:4543: checking for C compiler default output file name
configure:4545: result: a.out
configure:4551: checking for suffix of executables
configure:4558: aarch64-build_apple-darwin-gcc -o conftest -O2 -g -pipe -I/Volumes/Develop/.build/arm-mac-eabi/buildtools/include   -Qunused-arguments -fno-common -fbracket-depth=512  -L/Volumes/Develop/.build/arm-mac-eabi/buildtools/lib   -framework CoreFoundation -lstdc++ -lm conftest.c  >&5
configure:4562: $? = 0
configure:4584: result: 
configure:4606: checking whether we are cross compiling
configure:4614: aarch64-build_apple-darwin-gcc -o conftest -O2 -g -pipe -I/Volumes/Develop/.build/arm-mac-eabi/buildtools/include   -Qunused-arguments -fno-common -fbracket-depth=512  -L/Volumes/Develop/.build/arm-mac-eabi/buildtools/lib   -framework CoreFoundation -lstdc++ -lm conftest.c  >&5
configure:4618: $? = 0
configure:4625: ./conftest
configure:4629: $? = 0
configure:4644: result: no
configure:4649: checking for suffix of object files
configure:4671: aarch64-build_apple-darwin-gcc -c -O2 -g -pipe -I/Volumes/Develop/.build/arm-mac-eabi/buildtools/include   -Qunused-arguments -fno-common -fbracket-depth=512  conftest.c >&5
configure:4675: $? = 0
configure:4696: result: o
configure:4700: checking whether we are using the GNU C compiler
configure:4719: aarch64-build_apple-darwin-gcc -c -O2 -g -pipe -I/Volumes/Develop/.build/arm-mac-eabi/buildtools/include   -Qunused-arguments -fno-common -fbracket-depth=512  conftest.c >&5
configure:4719: $? = 0
configure:4728: result: yes
configure:4737: checking whether aarch64-build_apple-darwin-gcc accepts -g
configure:4757: aarch64-build_apple-darwin-gcc -c -g  conftest.c >&5
configure:4757: $? = 0
configure:4798: result: yes
configure:4815: checking for aarch64-build_apple-darwin-gcc option to accept ISO C89
configure:4878: aarch64-build_apple-darwin-gcc  -c -O2 -g -pipe -I/Volumes/Develop/.build/arm-mac-eabi/buildtools/include   -Qunused-arguments -fno-common -fbracket-depth=512  conftest.c >&5
configure:4878: $? = 0
configure:4891: result: none needed
configure:4925: checking for aarch64-build_apple-darwin-g++
configure:4941: found /Volumes/Develop/.build/arm-mac-eabi/buildtools/bin/aarch64-build_apple-darwin-g++
configure:4952: result: aarch64-build_apple-darwin-g++
configure:5023: checking for C++ compiler version
configure:5032: aarch64-build_apple-darwin-g++ --version >&5
Apple clang version 12.0.5 (clang-1205.0.22.9)
Target: arm64-apple-darwin20.4.0
Thread model: posix
InstalledDir: /Library/Developer/CommandLineTools/usr/bin
Configured with: --prefix=/Library/Developer/CommandLineTools/usr --with-gxx-include-dir=/Library/Developer/CommandLineTools/SDKs/MacOSX.sdk/usr/include/c++/4.2.1
configure:5043: $? = 0
configure:5032: aarch64-build_apple-darwin-g++ -v >&5
Configured with: --prefix=/Library/Developer/CommandLineTools/usr --with-gxx-include-dir=/Library/Developer/CommandLineTools/SDKs/MacOSX.sdk/usr/include/c++/4.2.1
Apple clang version 12.0.5 (clang-1205.0.22.9)
Target: arm64-apple-darwin20.4.0
Thread model: posix
InstalledDir: /Library/Developer/CommandLineTools/usr/bin
configure:5043: $? = 0
configure:5032: aarch64-build_apple-darwin-g++ -V >&5
clang: error: argument to '-V' is missing (expected 1 value)
clang: error: no input files
configure:5043: $? = 1
configure:5032: aarch64-build_apple-darwin-g++ -qversion >&5
clang: error: unknown argument '-qversion'; did you mean '--version'?
clang: error: no input files
configure:5043: $? = 1
configure:5047: checking whether we are using the GNU C++ compiler
configure:5066: aarch64-build_apple-darwin-g++ -c -O2 -g -pipe -I/Volumes/Develop/.build/arm-mac-eabi/buildtools/include   -Qunused-arguments -fno-common -fbracket-depth=512  conftest.cpp >&5
configure:5066: $? = 0
configure:5075: result: yes
configure:5084: checking whether aarch64-build_apple-darwin-g++ accepts -g
configure:5104: aarch64-build_apple-darwin-g++ -c -g  conftest.cpp >&5
configure:5104: $? = 0
configure:5145: result: yes
configure:5194: checking whether g++ accepts -static-libstdc++ -static-libgcc
configure:5211: aarch64-build_apple-darwin-g++ -o conftest -O2 -g -pipe -I/Volumes/Develop/.build/arm-mac-eabi/buildtools/include   -Qunused-arguments -fno-common -fbracket-depth=512  -L/Volumes/Develop/.build/arm-mac-eabi/buildtools/lib   -framework CoreFoundation -lstdc++ -lm -static-libstdc++ -static-libgcc conftest.cpp  >&5
clang: error: unsupported option '-static-libgcc'
configure:5211: $? = 1
configure: failed program was:
| /* confdefs.h */
| #define PACKAGE_NAME ""
| #define PACKAGE_TARNAME ""
| #define PACKAGE_VERSION ""
| #define PACKAGE_STRING ""
| #define PACKAGE_BUGREPORT ""
| #define PACKAGE_URL ""
| /* end confdefs.h.  */
| 
| #if (__GNUC__ < 4) || (__GNUC__ == 4 && __GNUC_MINOR__ < 5)
| #error -static-libstdc++ not implemented
| #endif
| int main() {}
configure:5215: result: no
configure:5236: checking for aarch64-build_apple-darwin-gnatbind
configure:5266: result: no
configure:5276: checking for gnatbind
configure:5306: result: no
configure:5328: checking for aarch64-build_apple-darwin-gnatmake
configure:5358: result: no
configure:5368: checking for gnatmake
configure:5398: result: no
configure:5417: checking whether compiler driver understands Ada
configure:5440: result: no
configure:5449: checking how to compare bootstrapped objects
configure:5474: result: cmp --ignore-initial=16 $$f1 $$f2
configure:5534: checking for objdir
configure:5549: result: .libs
configure:5720: checking for the correct version of gmp.h
configure:5740: aarch64-build_apple-darwin-gcc -c -O2 -g -pipe -I/Volumes/Develop/.build/arm-mac-eabi/buildtools/include   -Qunused-arguments -fno-common -fbracket-depth=512 -I/Volumes/Develop/.build/arm-mac-eabi/buildtools/include -I/Volumes/Develop/.build/arm-mac-eabi/buildtools/include -I/Volumes/Develop/.build/arm-mac-eabi/buildtools/include   conftest.c >&5
configure:5740: $? = 0
configure:5758: aarch64-build_apple-darwin-gcc -c -O2 -g -pipe -I/Volumes/Develop/.build/arm-mac-eabi/buildtools/include   -Qunused-arguments -fno-common -fbracket-depth=512 -I/Volumes/Develop/.build/arm-mac-eabi/buildtools/include -I/Volumes/Develop/.build/arm-mac-eabi/buildtools/include -I/Volumes/Develop/.build/arm-mac-eabi/buildtools/include   conftest.c >&5
configure:5758: $? = 0
configure:5759: result: yes
configure:5775: checking for the correct version of mpfr.h
configure:5793: aarch64-build_apple-darwin-gcc -c -O2 -g -pipe -I/Volumes/Develop/.build/arm-mac-eabi/buildtools/include   -Qunused-arguments -fno-common -fbracket-depth=512 -I/Volumes/Develop/.build/arm-mac-eabi/buildtools/include -I/Volumes/Develop/.build/arm-mac-eabi/buildtools/include -I/Volumes/Develop/.build/arm-mac-eabi/buildtools/include   conftest.c >&5
configure:5793: $? = 0
configure:5810: aarch64-build_apple-darwin-gcc -c -O2 -g -pipe -I/Volumes/Develop/.build/arm-mac-eabi/buildtools/include   -Qunused-arguments -fno-common -fbracket-depth=512 -I/Volumes/Develop/.build/arm-mac-eabi/buildtools/include -I/Volumes/Develop/.build/arm-mac-eabi/buildtools/include -I/Volumes/Develop/.build/arm-mac-eabi/buildtools/include   conftest.c >&5
configure:5810: $? = 0
configure:5811: result: yes
configure:5828: checking for the correct version of mpc.h
configure:5845: aarch64-build_apple-darwin-gcc -c -O2 -g -pipe -I/Volumes/Develop/.build/arm-mac-eabi/buildtools/include   -Qunused-arguments -fno-common -fbracket-depth=512 -I/Volumes/Develop/.build/arm-mac-eabi/buildtools/include -I/Volumes/Develop/.build/arm-mac-eabi/buildtools/include -I/Volumes/Develop/.build/arm-mac-eabi/buildtools/include   conftest.c >&5
configure:5845: $? = 0
configure:5861: aarch64-build_apple-darwin-gcc -c -O2 -g -pipe -I/Volumes/Develop/.build/arm-mac-eabi/buildtools/include   -Qunused-arguments -fno-common -fbracket-depth=512 -I/Volumes/Develop/.build/arm-mac-eabi/buildtools/include -I/Volumes/Develop/.build/arm-mac-eabi/buildtools/include -I/Volumes/Develop/.build/arm-mac-eabi/buildtools/include   conftest.c >&5
configure:5861: $? = 0
configure:5862: result: yes
configure:5880: checking for the correct version of the gmp/mpfr/mpc libraries
configure:5911: aarch64-build_apple-darwin-gcc -o conftest -O2 -g -pipe -I/Volumes/Develop/.build/arm-mac-eabi/buildtools/include   -Qunused-arguments -fno-common -fbracket-depth=512 -I/Volumes/Develop/.build/arm-mac-eabi/buildtools/include -I/Volumes/Develop/.build/arm-mac-eabi/buildtools/include -I/Volumes/Develop/.build/arm-mac-eabi/buildtools/include   -L/Volumes/Develop/.build/arm-mac-eabi/buildtools/lib   -framework CoreFoundation -lstdc++ -lm conftest.c  -L/Volumes/Develop/.build/arm-mac-eabi/buildtools/lib -L/Volumes/Develop/.build/arm-mac-eabi/buildtools/lib -L/Volumes/Develop/.build/arm-mac-eabi/buildtools/lib -lmpc -lmpfr -lgmp >&5
configure:5911: $? = 0
configure:5912: result: yes
configure:6115: checking for isl 0.15 or later
configure:6128: aarch64-build_apple-darwin-gcc -o conftest -O2 -g -pipe -I/Volumes/Develop/.build/arm-mac-eabi/buildtools/include   -Qunused-arguments -fno-common -fbracket-depth=512 -I/Volumes/Develop/.build/arm-mac-eabi/buildtools/include -I/Volumes/Develop/.build/arm-mac-eabi/buildtools/include -I/Volumes/Develop/.build/arm-mac-eabi/buildtools/include -I/Volumes/Develop/.build/arm-mac-eabi/buildtools/include   -L/Volumes/Develop/.build/arm-mac-eabi/buildtools/lib   -framework CoreFoundation -lstdc++ -lm -L/Volumes/Develop/.build/arm-mac-eabi/buildtools/lib -lisl -L/Volumes/Develop/.build/arm-mac-eabi/buildtools/lib -L/Volumes/Develop/.build/arm-mac-eabi/buildtools/lib -L/Volumes/Develop/.build/arm-mac-eabi/buildtools/lib -lmpc -lmpfr -lgmp conftest.c  -lisl -lgmp >&5
configure:6128: $? = 0
configure:6135: result: yes
